{"level":"\u001b[31merror\u001b[39m","message":"\u001b[31mErro durante shutdown: db.closePool is not a function\u001b[39m","timestamp":"2025-09-03 01:30:06:306"}
{"level":"\u001b[31merror\u001b[39m","message":"\u001b[31m❌ Tentativa 1/15 falhou:\u001b[39m","timestamp":"2025-09-04 00:24:03:243"}
{"level":"\u001b[31merror\u001b[39m","message":"\u001b[31m   Erro: the database system is starting up\u001b[39m","timestamp":"2025-09-04 00:24:03:243"}
{"level":"\u001b[31merror\u001b[39m","message":"\u001b[31m   Código: 57P03\u001b[39m","timestamp":"2025-09-04 00:24:03:243"}
{"level":"\u001b[31merror\u001b[39m","message":"\u001b[31m   Host tentado: N/A\u001b[39m","timestamp":"2025-09-04 00:24:03:243"}
{"level":"\u001b[31merror\u001b[39m","message":"\u001b[31m   Porta tentada: N/A\u001b[39m","timestamp":"2025-09-04 00:24:03:243"}
{"level":"\u001b[31merror\u001b[39m","message":"\u001b[31m❌ Tentativa 2/15 falhou:\u001b[39m","timestamp":"2025-09-04 00:24:06:246"}
{"level":"\u001b[31merror\u001b[39m","message":"\u001b[31m   Erro: the database system is starting up\u001b[39m","timestamp":"2025-09-04 00:24:06:246"}
{"level":"\u001b[31merror\u001b[39m","message":"\u001b[31m   Código: 57P03\u001b[39m","timestamp":"2025-09-04 00:24:06:246"}
{"level":"\u001b[31merror\u001b[39m","message":"\u001b[31m   Host tentado: N/A\u001b[39m","timestamp":"2025-09-04 00:24:06:246"}
{"level":"\u001b[31merror\u001b[39m","message":"\u001b[31m   Porta tentada: N/A\u001b[39m","timestamp":"2025-09-04 00:24:06:246"}
{"level":"\u001b[31merror\u001b[39m","message":"\u001b[31m❌ Tentativa 3/15 falhou:\u001b[39m","timestamp":"2025-09-04 00:24:11:2411"}
{"level":"\u001b[31merror\u001b[39m","message":"\u001b[31m   Erro: the database system is starting up\u001b[39m","timestamp":"2025-09-04 00:24:11:2411"}
{"level":"\u001b[31merror\u001b[39m","message":"\u001b[31m   Código: 57P03\u001b[39m","timestamp":"2025-09-04 00:24:11:2411"}
{"level":"\u001b[31merror\u001b[39m","message":"\u001b[31m   Host tentado: N/A\u001b[39m","timestamp":"2025-09-04 00:24:11:2411"}
{"level":"\u001b[31merror\u001b[39m","message":"\u001b[31m   Porta tentada: N/A\u001b[39m","timestamp":"2025-09-04 00:24:11:2411"}
{"level":"\u001b[31merror\u001b[39m","message":"\u001b[31m❌ Tentativa 4/15 falhou:\u001b[39m","timestamp":"2025-09-04 00:24:17:2417"}
{"level":"\u001b[31merror\u001b[39m","message":"\u001b[31m   Erro: the database system is starting up\u001b[39m","timestamp":"2025-09-04 00:24:17:2417"}
{"level":"\u001b[31merror\u001b[39m","message":"\u001b[31m   Código: 57P03\u001b[39m","timestamp":"2025-09-04 00:24:17:2417"}
{"level":"\u001b[31merror\u001b[39m","message":"\u001b[31m   Host tentado: N/A\u001b[39m","timestamp":"2025-09-04 00:24:17:2417"}
{"level":"\u001b[31merror\u001b[39m","message":"\u001b[31m   Porta tentada: N/A\u001b[39m","timestamp":"2025-09-04 00:24:17:2417"}
